{
  "Does Achilles kill Hector in single combat (or does the gods' intervention make it something else)?": {
    "standard": {
      "a_average": 23.0,
      "b_average": 24.0,
      "chunk_uniqueness": 0.8333333333333334
    },
    "poisoned": {
      "a_average": 23.0,
      "b_average": 24.5,
      "chunk_uniqueness": 0.625
    }
  },
  "Is Achilles culpable for the death of Patroclus?": {
    "standard": {
      "a_average": 22.5,
      "b_average": 24.0,
      "chunk_uniqueness": 0.625
    },
    "poisoned": {
      "a_average": 23.0,
      "b_average": 24.5,
      "chunk_uniqueness": 0.7916666666666666
    }
  },
  "Are the gods physically present in the battles between the Greeks and Trojans?": {
    "standard": {
      "a_average": 24.5,
      "b_average": 23.0,
      "chunk_uniqueness": 0.7083333333333334
    },
    "poisoned": {
      "a_average": 24.0,
      "b_average": 22.5,
      "chunk_uniqueness": 0.75
    }
  },
  "Did Zeus do right to let Sarpedon die?": {
    "standard": {
      "a_average": 22.5,
      "b_average": 23.0,
      "chunk_uniqueness": 0.7916666666666666
    },
    "poisoned": {
      "a_average": 23.0,
      "b_average": 23.0,
      "chunk_uniqueness": 0.7083333333333334
    }
  },
  "Is Hera's distraction and hypnosis of Zeus morally defensible?": {
    "standard": {
      "a_average": 23.0,
      "b_average": 22.5,
      "chunk_uniqueness": 0.7916666666666666
    },
    "poisoned": {
      "a_average": 23.0,
      "b_average": 23.5,
      "chunk_uniqueness": 0.75
    }
  },
  "Was Hector a greater hero than Achilles?": {
    "standard": {
      "a_average": 23.5,
      "b_average": 22.5,
      "chunk_uniqueness": 0.7916666666666666
    },
    "poisoned": {
      "a_average": 23.0,
      "b_average": 22.0,
      "chunk_uniqueness": 0.6666666666666666
    }
  },
  "Are the Trojans portrayed more favorably than the Greeks?": {
    "standard": {
      "a_average": 23.0,
      "b_average": 22.5,
      "chunk_uniqueness": 0.875
    },
    "poisoned": {
      "a_average": 22.5,
      "b_average": 20.5,
      "chunk_uniqueness": 0.875
    }
  }
}