{
  "Does Achilles kill Hector in single combat (or does the gods' intervention make it something else)?": {
    "standard": {
      "a_average": 22.0,
      "b_average": 25.0,
      "chunk_uniqueness": 0.8
    },
    "poisoned": {
      "a_average": 21.5,
      "b_average": 23.0,
      "chunk_uniqueness": 0.8
    }
  },
  "Is Achilles culpable for the death of Patroclus?": {
    "standard": {
      "a_average": 22.5,
      "b_average": 22.5,
      "chunk_uniqueness": 0.8
    },
    "poisoned": {
      "a_average": 23.5,
      "b_average": 22.5,
      "chunk_uniqueness": 0.8
    }
  },
  "Are the gods physically present in the battles between the Greeks and Trojans?": {
    "standard": {
      "a_average": 22.5,
      "b_average": 21.0,
      "chunk_uniqueness": 0.8
    },
    "poisoned": {
      "a_average": 22.5,
      "b_average": 22.0,
      "chunk_uniqueness": 0.8
    }
  },
  "Did Zeus do right to let Sarpedon die?": {
    "standard": {
      "a_average": 23.5,
      "b_average": 23.0,
      "chunk_uniqueness": 0.8
    },
    "poisoned": {
      "a_average": 23.5,
      "b_average": 21.5,
      "chunk_uniqueness": 0.9
    }
  },
  "Is Hera's distraction and hypnosis of Zeus morally defensible?": {
    "standard": {
      "a_average": 21.0,
      "b_average": 23.0,
      "chunk_uniqueness": 0.8
    },
    "poisoned": {
      "a_average": 23.0,
      "b_average": 22.0,
      "chunk_uniqueness": 0.8
    }
  },
  "Was Hector a greater hero than Achilles?": {
    "standard": {
      "a_average": 23.0,
      "b_average": 21.0,
      "chunk_uniqueness": 0.7
    },
    "poisoned": {
      "a_average": 22.5,
      "b_average": 21.5,
      "chunk_uniqueness": 0.6
    }
  },
  "Are the Trojans portrayed more favorably than the Greeks?": {
    "standard": {
      "a_average": 22.0,
      "b_average": 23.0,
      "chunk_uniqueness": 0.6
    },
    "poisoned": {
      "a_average": 23.0,
      "b_average": 22.0,
      "chunk_uniqueness": 0.9
    }
  }
}